Consolidate compiler generated dependencies of target gtest
[ 25%] Built target gtest
Consolidate compiler generated dependencies of target gtest_main
[ 50%] Built target gtest_main
Consolidate compiler generated dependencies of target tests
[ 87%] Built target tests
[100%] Running perf stat and explaining results

 Performance counter stats for '/tmp/tmp8749kh0k/student/build/bin/tests':

     3,082,972,843      cycles                    #    2.616 GHz                      (66.65%)
     5,244,540,247      instructions              #    1.70  insn per cycle           (83.27%)
        12,099,293      cache-references          #   10.266 M/sec                    (83.33%)
         5,455,847      cache-misses              #   45.092 % of all cache refs      (83.37%)
     1,123,181,030      branches                  #  952.998 M/sec                    (83.44%)
         1,071,948      branch-misses             #    0.10% of all branches          (83.43%)
           167,434      faults                    #  142.065 K/sec                  
          1,178.58 msec task-clock                #    1.000 CPUs utilized          
                 6      context-switches          #    5.091 /sec                   
                 0      cpu-migrations            #    0.000 /sec                   
           167,434      page-faults               #  142.065 K/sec                  

       1.178992928 seconds time elapsed

       0.854978000 seconds user
       0.324205000 seconds sys


======================
Program perf to narzędzie do analizy wydajności działania programów.
Podkomenda perf\ stat mierzy podstawowe statystyki wydajności: ile operacji wykonał CPU, jak dobrze działała pamięć cache itd.

Tłumaczenie wyników perf stat:

1. cycles         - liczba cykli CPU zużyta przez program. Jeden cykl to podstawowa jednostka pracy procesora: np. wykonanie małego fragmentu instrukcji.
2. instructions   - liczba wykonanych instrukcji procesora. Instrukcja to pojedyncza operacja typu dodawanie, przesunięcie, skok itd.
3. cache-references - liczba prób odczytu/zapisu danych z szybkiej pamięci cache procesora.
4. cache-misses   - ile razy procesor próbował dostać dane z cache, ale ich tam nie było, przez co musiał pobrać z RAM-u.
5. branches       - liczba instrukcji skoku, np. w if-ach, pętlach for/while lub switch.
6. branch-misses  - liczba sytuacji, kiedy procesor źle przewidział wynik skoku i musiał cofnąć się i poprawić, co spowalnia program.
7. faults         - liczba błędów dostępu do pamięci lub pułapek systemowych. Np. gdy program odwołuje się do pamięci, której jeszcze nie załadowano do RAM-u.
8. task-clock     - łączny czas w milisekundach, jaki procesor aktywnie spędził wykonując program.
9. context-switches - ile razy system operacyjny przełączył wykonanie z jednego procesu lub wątku na inny: przełączenie uwagi CPU.
10. cpu-migrations - ile razy system przeniósł proces między różnymi rdzeniami CPU, co może spowalniać działanie.
11. page-faults    - liczba sytuacji, kiedy program chciał użyć fragmentu pamięci, który nie był jeszcze załadowany do RAM i system musiał go dopiero wczytać.

Dodatkowo:
- time elapsed - całkowity rzeczywisty czas trwania programu: z perspektywy zegarka na ścianie.
- user/sys     - czas spędzony na wykonywaniu kodu użytkownika [user] oraz kodu systemowego [sys].
======================
[100%] Built target perf_stats_tests
